ARM GAS  /tmp/ccc2rKlZ.s 			page 1


   1              		.syntax unified
   2              		.cpu cortex-m3
   3              		.fpu softvfp
   4              		.eabi_attribute 20, 1
   5              		.eabi_attribute 21, 1
   6              		.eabi_attribute 23, 3
   7              		.eabi_attribute 24, 1
   8              		.eabi_attribute 25, 1
   9              		.eabi_attribute 26, 1
  10              		.eabi_attribute 30, 6
  11              		.eabi_attribute 34, 1
  12              		.eabi_attribute 18, 4
  13              		.thumb
  14              		.file	"blinky.c"
  15              		.text
  16              	.Ltext0:
  17              		.cfi_sections	.debug_frame
  18              		.data
  19              		.align	2
  22              	iap_entry:
  23 0000 F11FFF1F 		.word	536813553
  24              		.section	.text.main,"ax",%progbits
  25              		.align	2
  26              		.global	main
  27              		.thumb
  28              		.thumb_func
  30              	main:
  31              	.LFB0:
  32              		.file 1 "blinky.c"
   1:blinky.c      **** /*
   2:blinky.c      ****  * Copyright 2010 Michael Ossmann
   3:blinky.c      ****  *
   4:blinky.c      ****  * This file is part of Project Ubertooth.
   5:blinky.c      ****  *
   6:blinky.c      ****  * This program is free software; you can redistribute it and/or modify
   7:blinky.c      ****  * it under the terms of the GNU General Public License as published by
   8:blinky.c      ****  * the Free Software Foundation; either version 2, or (at your option)
   9:blinky.c      ****  * any later version.
  10:blinky.c      ****  *
  11:blinky.c      ****  * This program is distributed in the hope that it will be useful,
  12:blinky.c      ****  * but WITHOUT ANY WARRANTY; without even the implied warranty of
  13:blinky.c      ****  * MERCHANTABILITY or FITNESS FOR A PARTICULAR PURPOSE.  See the
  14:blinky.c      ****  * GNU General Public License for more details.
  15:blinky.c      ****  *
  16:blinky.c      ****  * You should have received a copy of the GNU General Public License
  17:blinky.c      ****  * along with this program; see the file COPYING.  If not, write to
  18:blinky.c      ****  * the Free Software Foundation, Inc., 51 Franklin Street,
  19:blinky.c      ****  * Boston, MA 02110-1301, USA.
  20:blinky.c      ****  */
  21:blinky.c      **** 
  22:blinky.c      **** #include "ubertooth.h"
  23:blinky.c      **** 
  24:blinky.c      **** int main()
  25:blinky.c      **** {
  33              		.loc 1 25 0
  34              		.cfi_startproc
  35              		@ args = 0, pretend = 0, frame = 0
ARM GAS  /tmp/ccc2rKlZ.s 			page 2


  36              		@ frame_needed = 1, uses_anonymous_args = 0
  37 0000 80B5     		push	{r7, lr}
  38              		.cfi_def_cfa_offset 8
  39              		.cfi_offset 7, -8
  40              		.cfi_offset 14, -4
  41 0002 00AF     		add	r7, sp, #0
  42              		.cfi_def_cfa_register 7
  26:blinky.c      **** 	gpio_init();
  43              		.loc 1 26 0
  44 0004 FFF7FEFF 		bl	gpio_init
  45              	.L2:
  27:blinky.c      **** 
  28:blinky.c      **** 	while (1) {
  29:blinky.c      **** 		USRLED_SET;
  46              		.loc 1 29 0 discriminator 1
  47 0008 0D4B     		ldr	r3, .L3
  48 000a 0222     		movs	r2, #2
  49 000c 1A60     		str	r2, [r3]
  30:blinky.c      **** 		TXLED_SET;
  50              		.loc 1 30 0 discriminator 1
  51 000e 0C4B     		ldr	r3, .L3
  52 0010 4FF48072 		mov	r2, #256
  53 0014 1A60     		str	r2, [r3]
  31:blinky.c      **** 		RXLED_SET;
  54              		.loc 1 31 0 discriminator 1
  55 0016 0A4B     		ldr	r3, .L3
  56 0018 1022     		movs	r2, #16
  57 001a 1A60     		str	r2, [r3]
  32:blinky.c      **** 		wait(1);
  58              		.loc 1 32 0 discriminator 1
  59 001c 0120     		movs	r0, #1
  60 001e FFF7FEFF 		bl	wait
  33:blinky.c      **** 		USRLED_CLR;
  61              		.loc 1 33 0 discriminator 1
  62 0022 084B     		ldr	r3, .L3+4
  63 0024 0222     		movs	r2, #2
  64 0026 1A60     		str	r2, [r3]
  34:blinky.c      **** 		TXLED_CLR;
  65              		.loc 1 34 0 discriminator 1
  66 0028 064B     		ldr	r3, .L3+4
  67 002a 4FF48072 		mov	r2, #256
  68 002e 1A60     		str	r2, [r3]
  35:blinky.c      **** 		RXLED_CLR;
  69              		.loc 1 35 0 discriminator 1
  70 0030 044B     		ldr	r3, .L3+4
  71 0032 1022     		movs	r2, #16
  72 0034 1A60     		str	r2, [r3]
  36:blinky.c      **** 		wait(1);
  73              		.loc 1 36 0 discriminator 1
  74 0036 0120     		movs	r0, #1
  75 0038 FFF7FEFF 		bl	wait
  37:blinky.c      **** 	}
  76              		.loc 1 37 0 discriminator 1
  77 003c E4E7     		b	.L2
  78              	.L4:
  79 003e 00BF     		.align	2
  80              	.L3:
ARM GAS  /tmp/ccc2rKlZ.s 			page 3


  81 0040 38C00920 		.word	537509944
  82 0044 3CC00920 		.word	537509948
  83              		.cfi_endproc
  84              	.LFE0:
  86              		.text
  87              	.Letext0:
  88              		.file 2 "/usr/lib/gcc/arm-none-eabi/4.9.3/include/stdint-gcc.h"
  89              		.file 3 "../common/ubertooth.h"
ARM GAS  /tmp/ccc2rKlZ.s 			page 4


DEFINED SYMBOLS
                            *ABS*:0000000000000000 blinky.c
     /tmp/ccc2rKlZ.s:19     .data:0000000000000000 $d
     /tmp/ccc2rKlZ.s:22     .data:0000000000000000 iap_entry
     /tmp/ccc2rKlZ.s:25     .text.main:0000000000000000 $t
     /tmp/ccc2rKlZ.s:30     .text.main:0000000000000000 main
     /tmp/ccc2rKlZ.s:81     .text.main:0000000000000040 $d
                     .debug_frame:0000000000000010 $d

UNDEFINED SYMBOLS
gpio_init
wait
